Using pre-set license
Built from '2020.3/staging' branch; Version is '2020.3.30f1 (1fb1bf06830e) revision 2077119'; Using compiler version '192528614'; Build Type 'Release'
OS: 'Windows 11  (10.0.22000) 64bit CoreSingleLanguage' Language: 'en' Physical Memory: 8039 MB
BatchMode: 1, IsHumanControllingUs: 0, StartBugReporterOnCrash: 0, Is64bit: 1, IsPro: 0

COMMAND LINE ARGUMENTS:
D:\game\2020.3.30f1\Editor\Unity.exe
-adb2
-batchMode
-noUpm
-name
AssetImportWorker0
-projectPath
D:/Code/Unity/New folder/Dragon-Warrior
-logFile
Logs/AssetImportWorker0.log
-srvPort
54975
Successfully changed project path to: D:/Code/Unity/New folder/Dragon-Warrior
D:/Code/Unity/New folder/Dragon-Warrior
Using Asset Import Pipeline V2.
Refreshing native plugins compatible for Editor in 82.51 ms, found 3 plugins.
Preloading 0 native plugins for Editor in 0.00 ms.
Initialize engine version: 2020.3.30f1 (1fb1bf06830e)
[Subsystems] Discovering subsystems at path D:/game/2020.3.30f1/Editor/Data/Resources/UnitySubsystems
[Subsystems] Discovering subsystems at path D:/Code/Unity/New folder/Dragon-Warrior/Assets
GfxDevice: creating device client; threaded=0
Direct3D:
    Version:  Direct3D 11.0 [level 11.1]
    Renderer: NVIDIA GeForce MX230 (ID=0x1d11)
    Vendor:   
    VRAM:     1984 MB
    Driver:   26.21.14.4137
Initialize mono
Mono path[0] = 'D:/game/2020.3.30f1/Editor/Data/Managed'
Mono path[1] = 'D:/game/2020.3.30f1/Editor/Data/MonoBleedingEdge/lib/mono/unityjit'
Mono config path = 'D:/game/2020.3.30f1/Editor/Data/MonoBleedingEdge/etc'
Using monoOptions --debugger-agent=transport=dt_socket,embedding=1,server=y,suspend=n,address=127.0.0.1:56320
Begin MonoManager ReloadAssembly
Registering precompiled unity dll's ...
Register platform support module: D:/game/2020.3.30f1/Editor/Data/PlaybackEngines/WindowsStandaloneSupport/UnityEditor.WindowsStandalone.Extensions.dll
Registered in 0.000859 seconds.
Native extension for WindowsStandalone target not found
Refreshing native plugins compatible for Editor in 84.44 ms, found 3 plugins.
Preloading 0 native plugins for Editor in 0.00 ms.
Mono: successfully reloaded assembly
- Completed reload, in  0.678 seconds
Domain Reload Profiling:
	ReloadAssembly (679ms)
		BeginReloadAssembly (62ms)
			ExecutionOrderSort (0ms)
			DisableScriptedObjects (0ms)
			BackupInstance (0ms)
			ReleaseScriptingObjects (0ms)
			CreateAndSetChildDomain (1ms)
		EndReloadAssembly (541ms)
			LoadAssemblies (60ms)
			RebuildTransferFunctionScriptingTraits (0ms)
			SetupTypeCache (184ms)
			ReleaseScriptCaches (0ms)
			RebuildScriptCaches (33ms)
			SetupLoadedEditorAssemblies (216ms)
				LogAssemblyErrors (0ms)
				InitializePlatformSupportModulesInManaged (5ms)
				SetLoadedEditorAssemblies (0ms)
				RefreshPlugins (85ms)
				BeforeProcessingInitializeOnLoad (18ms)
				ProcessInitializeOnLoadAttributes (83ms)
				ProcessInitializeOnLoadMethodAttributes (25ms)
				AfterProcessingInitializeOnLoad (0ms)
				EditorAssembliesLoaded (0ms)
			ExecutionOrderSort2 (0ms)
			AwakeInstancesAfterBackupRestoration (0ms)
Platform modules already initialized, skipping
Registering precompiled user dll's ...
Registered in 0.003351 seconds.
Begin MonoManager ReloadAssembly
Native extension for WindowsStandalone target not found
Refreshing native plugins compatible for Editor in 106.94 ms, found 3 plugins.
Preloading 0 native plugins for Editor in 0.00 ms.
Mono: successfully reloaded assembly
- Completed reload, in  2.101 seconds
Domain Reload Profiling:
	ReloadAssembly (2103ms)
		BeginReloadAssembly (230ms)
			ExecutionOrderSort (0ms)
			DisableScriptedObjects (7ms)
			BackupInstance (0ms)
			ReleaseScriptingObjects (0ms)
			CreateAndSetChildDomain (29ms)
		EndReloadAssembly (1785ms)
			LoadAssemblies (153ms)
			RebuildTransferFunctionScriptingTraits (0ms)
			SetupTypeCache (548ms)
			ReleaseScriptCaches (1ms)
			RebuildScriptCaches (104ms)
			SetupLoadedEditorAssemblies (744ms)
				LogAssemblyErrors (0ms)
				InitializePlatformSupportModulesInManaged (5ms)
				SetLoadedEditorAssemblies (0ms)
				RefreshPlugins (107ms)
				BeforeProcessingInitializeOnLoad (139ms)
				ProcessInitializeOnLoadAttributes (392ms)
				ProcessInitializeOnLoadMethodAttributes (96ms)
				AfterProcessingInitializeOnLoad (5ms)
				EditorAssembliesLoaded (0ms)
			ExecutionOrderSort2 (0ms)
			AwakeInstancesAfterBackupRestoration (13ms)
Platform modules already initialized, skipping
========================================================================
Worker process is ready to serve import requests
Launched and connected shader compiler UnityShaderCompiler.exe after 0.07 seconds
Refreshing native plugins compatible for Editor in 1.33 ms, found 3 plugins.
Preloading 0 native plugins for Editor in 0.00 ms.
Unloading 2776 Unused Serialized files (Serialized files now loaded: 0)
System memory in use before: 113.6 MB.
System memory in use after: 113.6 MB.

Unloading 66 unused Assets to reduce memory usage. Loaded Objects now: 3177.
Total: 9.690300 ms (FindLiveObjects: 0.314600 ms CreateObjectMapping: 0.211400 ms MarkObjects: 8.969100 ms  DeleteObjects: 0.193900 ms)

AssetImportParameters requested are different than current active one (requested -> active):
  custom:framework-win-MediaFoundation: 216162199b28c13a410421893ffa2e32 -> 
  custom:video-decoder-ogg-theora: a1e56fd34408186e4bbccfd4996cb3dc -> 
  custom:container-muxer-webm: aa71ff27fc2769a1b78a27578f13a17b -> 
  custom:container-demuxer-webm: 4f35f7cbe854078d1ac9338744f61a02 -> 
  custom:container-demuxer-ogg: 62fdf1f143b41e24485cea50d1cbac27 -> 
  custom:video-encoder-webm-vp8: eb34c28f22e8b96e1ab97ce403110664 -> 
  custom:video-decoder-webm-vp8: 9c59270c3fd7afecdb556c50c9e8de78 -> 
  custom:audio-decoder-ogg-vorbis: bf7c407c2cedff20999df2af8eb42d56 -> 
  custom:audio-encoder-webm-vorbis: bf7c407c2cedff20999df2af8eb42d56 -> 
========================================================================
Received Import Request.
  path: Assets/_GamePlay/Prefabs/MovingPlatform/Moving Platform 1.prefab
  artifactKey: Guid(d93055e965925a64b8331132502a5616) Importer(815301076,1909f56bfc062723c751e8b465ee728b)
Start importing Assets/_GamePlay/Prefabs/MovingPlatform/Moving Platform 1.prefab using Guid(d93055e965925a64b8331132502a5616) Importer(815301076,1909f56bfc062723c751e8b465ee728b)  -> (artifact id: '232a17368fdec5bb56c3011512d7686c') in 0.158997 seconds 
========================================================================
Received Import Request.
  Time since last request: 7.058520 seconds.
  path: Assets/_GamePlay/Prefabs/MovingPlatform/Moving Platform 1.prefab
  artifactKey: Guid(d93055e965925a64b8331132502a5616) Importer(815301076,1909f56bfc062723c751e8b465ee728b)
Start importing Assets/_GamePlay/Prefabs/MovingPlatform/Moving Platform 1.prefab using Guid(d93055e965925a64b8331132502a5616) Importer(815301076,1909f56bfc062723c751e8b465ee728b)  -> (artifact id: 'a6fa87b0d4222a6e7fc6a0a252e854f0') in 0.021280 seconds 
========================================================================
Received Import Request.
  Time since last request: 11.268469 seconds.
  path: Assets/_GamePlay/Prefabs/MovingPlatform/Moving Platform 1.prefab
  artifactKey: Guid(d93055e965925a64b8331132502a5616) Importer(815301076,1909f56bfc062723c751e8b465ee728b)
Start importing Assets/_GamePlay/Prefabs/MovingPlatform/Moving Platform 1.prefab using Guid(d93055e965925a64b8331132502a5616) Importer(815301076,1909f56bfc062723c751e8b465ee728b)  -> (artifact id: '849a11367dcc42ceda45189d145f9a7d') in 0.011299 seconds 
========================================================================
Received Import Request.
  Time since last request: 15.466532 seconds.
  path: Assets/_GamePlay/Prefabs/MovingPlatform/Moving Platform 1.prefab
  artifactKey: Guid(d93055e965925a64b8331132502a5616) Importer(815301076,1909f56bfc062723c751e8b465ee728b)
Start importing Assets/_GamePlay/Prefabs/MovingPlatform/Moving Platform 1.prefab using Guid(d93055e965925a64b8331132502a5616) Importer(815301076,1909f56bfc062723c751e8b465ee728b)  -> (artifact id: '3bdcae884e4327a0e1e170054da6fc5e') in 0.013553 seconds 
========================================================================
Received Import Request.
  Time since last request: 2.383979 seconds.
  path: Assets/_GamePlay/Prefabs/MovingPlatform/Moving Platform 1.prefab
  artifactKey: Guid(d93055e965925a64b8331132502a5616) Importer(815301076,1909f56bfc062723c751e8b465ee728b)
Start importing Assets/_GamePlay/Prefabs/MovingPlatform/Moving Platform 1.prefab using Guid(d93055e965925a64b8331132502a5616) Importer(815301076,1909f56bfc062723c751e8b465ee728b)  -> (artifact id: '808fa902b50c841b4c4adc3d3430e9fd') in 0.014708 seconds 
========================================================================
Received Import Request.
  Time since last request: 4.042527 seconds.
  path: Assets/_GamePlay/Prefabs/MovingPlatform/Moving Platform 1.prefab
  artifactKey: Guid(d93055e965925a64b8331132502a5616) Importer(815301076,1909f56bfc062723c751e8b465ee728b)
Start importing Assets/_GamePlay/Prefabs/MovingPlatform/Moving Platform 1.prefab using Guid(d93055e965925a64b8331132502a5616) Importer(815301076,1909f56bfc062723c751e8b465ee728b)  -> (artifact id: '3432b8426d456cbe8746b4ee28c78bc6') in 0.012291 seconds 
========================================================================
Received Import Request.
  Time since last request: 6.032609 seconds.
  path: Assets/_GamePlay/Prefabs/MovingPlatform/Moving Platform 1.prefab
  artifactKey: Guid(d93055e965925a64b8331132502a5616) Importer(815301076,1909f56bfc062723c751e8b465ee728b)
Start importing Assets/_GamePlay/Prefabs/MovingPlatform/Moving Platform 1.prefab using Guid(d93055e965925a64b8331132502a5616) Importer(815301076,1909f56bfc062723c751e8b465ee728b)  -> (artifact id: 'e26557845f301cb4a47ed1b182d48635') in 0.019141 seconds 
========================================================================
Received Import Request.
  Time since last request: 2.396583 seconds.
  path: Assets/_GamePlay/Prefabs/MovingPlatform/Moving Platform 1.prefab
  artifactKey: Guid(d93055e965925a64b8331132502a5616) Importer(815301076,1909f56bfc062723c751e8b465ee728b)
Start importing Assets/_GamePlay/Prefabs/MovingPlatform/Moving Platform 1.prefab using Guid(d93055e965925a64b8331132502a5616) Importer(815301076,1909f56bfc062723c751e8b465ee728b)  -> (artifact id: 'e7dad45b92f7be841b28bddb7726478d') in 0.016329 seconds 
========================================================================
Received Import Request.
  Time since last request: 1.979399 seconds.
  path: Assets/_GamePlay/Prefabs/MovingPlatform/Moving Platform 1.prefab
  artifactKey: Guid(d93055e965925a64b8331132502a5616) Importer(815301076,1909f56bfc062723c751e8b465ee728b)
Start importing Assets/_GamePlay/Prefabs/MovingPlatform/Moving Platform 1.prefab using Guid(d93055e965925a64b8331132502a5616) Importer(815301076,1909f56bfc062723c751e8b465ee728b)  -> (artifact id: 'f5855ee261d67595498ead22b67d339f') in 0.019033 seconds 
========================================================================
Received Prepare
Registering precompiled user dll's ...
Registered in 0.008805 seconds.
Begin MonoManager ReloadAssembly
Native extension for WindowsStandalone target not found
Refreshing native plugins compatible for Editor in 1.04 ms, found 3 plugins.
Preloading 0 native plugins for Editor in 0.00 ms.
Mono: successfully reloaded assembly
- Completed reload, in  1.350 seconds
Domain Reload Profiling:
	ReloadAssembly (1351ms)
		BeginReloadAssembly (152ms)
			ExecutionOrderSort (0ms)
			DisableScriptedObjects (8ms)
			BackupInstance (0ms)
			ReleaseScriptingObjects (0ms)
			CreateAndSetChildDomain (55ms)
		EndReloadAssembly (1130ms)
			LoadAssemblies (119ms)
			RebuildTransferFunctionScriptingTraits (0ms)
			SetupTypeCache (389ms)
			ReleaseScriptCaches (1ms)
			RebuildScriptCaches (54ms)
			SetupLoadedEditorAssemblies (440ms)
				LogAssemblyErrors (0ms)
				InitializePlatformSupportModulesInManaged (5ms)
				SetLoadedEditorAssemblies (1ms)
				RefreshPlugins (1ms)
				BeforeProcessingInitializeOnLoad (108ms)
				ProcessInitializeOnLoadAttributes (270ms)
				ProcessInitializeOnLoadMethodAttributes (53ms)
				AfterProcessingInitializeOnLoad (2ms)
				EditorAssembliesLoaded (0ms)
			ExecutionOrderSort2 (0ms)
			AwakeInstancesAfterBackupRestoration (12ms)
Platform modules already initialized, skipping
Refreshing native plugins compatible for Editor in 1.08 ms, found 3 plugins.
Preloading 0 native plugins for Editor in 0.00 ms.
Unloading 2771 Unused Serialized files (Serialized files now loaded: 0)
System memory in use before: 116.7 MB.
System memory in use after: 116.7 MB.

Unloading 55 unused Assets to reduce memory usage. Loaded Objects now: 3186.
Total: 9.149000 ms (FindLiveObjects: 0.258800 ms CreateObjectMapping: 0.144600 ms MarkObjects: 8.601300 ms  DeleteObjects: 0.142600 ms)

AssetImportParameters requested are different than current active one (requested -> active):
  custom:framework-win-MediaFoundation: 216162199b28c13a410421893ffa2e32 -> 
  custom:video-decoder-ogg-theora: a1e56fd34408186e4bbccfd4996cb3dc -> 
  custom:container-muxer-webm: aa71ff27fc2769a1b78a27578f13a17b -> 
  custom:container-demuxer-webm: 4f35f7cbe854078d1ac9338744f61a02 -> 
  custom:container-demuxer-ogg: 62fdf1f143b41e24485cea50d1cbac27 -> 
  custom:video-encoder-webm-vp8: eb34c28f22e8b96e1ab97ce403110664 -> 
  custom:video-decoder-webm-vp8: 9c59270c3fd7afecdb556c50c9e8de78 -> 
  custom:audio-decoder-ogg-vorbis: bf7c407c2cedff20999df2af8eb42d56 -> 
  custom:audio-encoder-webm-vorbis: bf7c407c2cedff20999df2af8eb42d56 -> 
AssetImportWorkerClient::OnTransportError - code=2 error=End of file
